<?xml version="1.0" encoding="UTF-8"?>
<testExecutions version="1">
  <file path="/Users/blaisengwa/projects/serverlessapplication/src/index.test.js">
    <testCase name="Lambda Handler Successful Operations should handle create action successfully" duration="155"/>
    <testCase name="Lambda Handler Successful Operations should handle update action successfully" duration="178"/>
    <testCase name="Lambda Handler Successful Operations should handle delete action successfully" duration="129"/>
    <testCase name="Lambda Handler Error Handling should handle invalid event object" duration="11"/>
    <testCase name="Lambda Handler Error Handling should handle missing action field" duration="102"/>
    <testCase name="Lambda Handler Error Handling should handle unsupported action" duration="102"/>
    <testCase name="Lambda Handler Error Handling should handle missing required fields for create" duration="102"/>
    <testCase name="Lambda Handler Error Handling should handle missing required fields for update" duration="102"/>
    <testCase name="Lambda Handler Error Handling should handle missing required fields for delete" duration="102"/>
    <testCase name="Lambda Handler Response Format should return proper response structure for success" duration="154"/>
    <testCase name="Lambda Handler Response Format should return proper response structure for error" duration="1"/>
    <testCase name="Lambda Handler Context Handling should use correlation ID from context" duration="152"/>
    <testCase name="Lambda Handler Context Handling should handle different function versions" duration="154"/>
  </file>
</testExecutions>